The system is: Windows - 10.0.19045 - AMD64
Compiling the C compiler identification source file "CMakeCCompilerId.c" succeeded.
Compiler: C:/Program Files (x86)/Microsoft Visual Studio/2019/Community/VC/Tools/MSVC/14.29.30133/bin/Hostx64/x64/cl.exe 
Build flags: 
Id flags:  

The output was:
0
用于 x64 的 Microsoft (R) C/C++ 优化编译器 19.29.30145 版
版权所有(C) Microsoft Corporation。保留所有权利。

CMakeCCompilerId.c
Microsoft (R) Incremental Linker Version 14.29.30145.0
Copyright (C) Microsoft Corporation.  All rights reserved.

/out:CMakeCCompilerId.exe 
CMakeCCompilerId.obj 


Compilation of the C compiler identification source "CMakeCCompilerId.c" produced "CMakeCCompilerId.exe"

Compilation of the C compiler identification source "CMakeCCompilerId.c" produced "CMakeCCompilerId.obj"

The C compiler identification is MSVC, found in "E:/code/Y-PBR/cmake-build-debug-visual-studio/CMakeFiles/3.25.2/CompilerIdC/CMakeCCompilerId.exe"

Compiling the CXX compiler identification source file "CMakeCXXCompilerId.cpp" succeeded.
Compiler: C:/Program Files (x86)/Microsoft Visual Studio/2019/Community/VC/Tools/MSVC/14.29.30133/bin/Hostx64/x64/cl.exe 
Build flags: 
Id flags:  

The output was:
0
用于 x64 的 Microsoft (R) C/C++ 优化编译器 19.29.30145 版
版权所有(C) Microsoft Corporation。保留所有权利。

CMakeCXXCompilerId.cpp
Microsoft (R) Incremental Linker Version 14.29.30145.0
Copyright (C) Microsoft Corporation.  All rights reserved.

/out:CMakeCXXCompilerId.exe 
CMakeCXXCompilerId.obj 


Compilation of the CXX compiler identification source "CMakeCXXCompilerId.cpp" produced "CMakeCXXCompilerId.exe"

Compilation of the CXX compiler identification source "CMakeCXXCompilerId.cpp" produced "CMakeCXXCompilerId.obj"

The CXX compiler identification is MSVC, found in "E:/code/Y-PBR/cmake-build-debug-visual-studio/CMakeFiles/3.25.2/CompilerIdCXX/CMakeCXXCompilerId.exe"

Detecting C compiler ABI info compiled with the following output:
Change Dir: E:/code/Y-PBR/cmake-build-debug-visual-studio/CMakeFiles/CMakeScratch/TryCompile-brzdl6

Run Build Command(s):nmake -f Makefile /nologo cmTC_1d12e\fast && 	"C:\Program Files (x86)\Microsoft Visual Studio\2019\Community\VC\Tools\MSVC\14.29.30133\bin\HostX64\x64\nmake.exe"  -f CMakeFiles\cmTC_1d12e.dir\build.make /nologo -L                  CMakeFiles\cmTC_1d12e.dir\build
Building C object CMakeFiles/cmTC_1d12e.dir/CMakeCCompilerABI.c.obj
	"C:\Users\pc\AppData\Local\JetBrains\CLion 2023.1.4\bin\cmake\win\x64\bin\cmake.exe" -E cmake_cl_compile_depends --dep-file=CMakeFiles\cmTC_1d12e.dir\CMakeCCompilerABI.c.obj.d --working-dir=E:\code\Y-PBR\cmake-build-debug-visual-studio\CMakeFiles\CMakeScratch\TryCompile-brzdl6 --filter-prefix="注意: 包含文件:  " -- C:\PROGRA~2\MICROS~1\2019\COMMUN~1\VC\Tools\MSVC\1429~1.301\bin\Hostx64\x64\cl.exe @C:\Users\pc\AppData\Local\Temp\nm4567.tmp
CMakeCCompilerABI.c
?鈷? 鍖呭惈鏂囦欢:  C:\Users\pc\AppData\Local\JetBrains\CLion 2023.1.4\bin\cmake\win\x64\share\cmake-3.25\Modules\CMakeCompilerABI.h
Linking C executable cmTC_1d12e.exe
	"C:\Users\pc\AppData\Local\JetBrains\CLion 2023.1.4\bin\cmake\win\x64\bin\cmake.exe" -E vs_link_exe --intdir=CMakeFiles\cmTC_1d12e.dir --rc=C:\PROGRA~2\WI3CF2~1\10\bin\100220~1.0\x64\rc.exe --mt=C:\PROGRA~2\WI3CF2~1\10\bin\100220~1.0\x64\mt.exe --manifests -- C:\PROGRA~2\MICROS~1\2019\COMMUN~1\VC\Tools\MSVC\1429~1.301\bin\Hostx64\x64\link.exe /nologo @CMakeFiles\cmTC_1d12e.dir\objects1 @C:\Users\pc\AppData\Local\Temp\nm46FE.tmp



Detecting CXX compiler ABI info compiled with the following output:
Change Dir: E:/code/Y-PBR/cmake-build-debug-visual-studio/CMakeFiles/CMakeScratch/TryCompile-a9sq8g

Run Build Command(s):nmake -f Makefile /nologo cmTC_2d771\fast && 	"C:\Program Files (x86)\Microsoft Visual Studio\2019\Community\VC\Tools\MSVC\14.29.30133\bin\HostX64\x64\nmake.exe"  -f CMakeFiles\cmTC_2d771.dir\build.make /nologo -L                  CMakeFiles\cmTC_2d771.dir\build
Building CXX object CMakeFiles/cmTC_2d771.dir/CMakeCXXCompilerABI.cpp.obj
	"C:\Users\pc\AppData\Local\JetBrains\CLion 2023.1.4\bin\cmake\win\x64\bin\cmake.exe" -E cmake_cl_compile_depends --dep-file=CMakeFiles\cmTC_2d771.dir\CMakeCXXCompilerABI.cpp.obj.d --working-dir=E:\code\Y-PBR\cmake-build-debug-visual-studio\CMakeFiles\CMakeScratch\TryCompile-a9sq8g --filter-prefix="注意: 包含文件:  " -- C:\PROGRA~2\MICROS~1\2019\COMMUN~1\VC\Tools\MSVC\1429~1.301\bin\Hostx64\x64\cl.exe @C:\Users\pc\AppData\Local\Temp\nm4920.tmp
CMakeCXXCompilerABI.cpp
?鈷? 鍖呭惈鏂囦欢:  C:\Users\pc\AppData\Local\JetBrains\CLion 2023.1.4\bin\cmake\win\x64\share\cmake-3.25\Modules\CMakeCompilerABI.h
Linking CXX executable cmTC_2d771.exe
	"C:\Users\pc\AppData\Local\JetBrains\CLion 2023.1.4\bin\cmake\win\x64\bin\cmake.exe" -E vs_link_exe --intdir=CMakeFiles\cmTC_2d771.dir --rc=C:\PROGRA~2\WI3CF2~1\10\bin\100220~1.0\x64\rc.exe --mt=C:\PROGRA~2\WI3CF2~1\10\bin\100220~1.0\x64\mt.exe --manifests -- C:\PROGRA~2\MICROS~1\2019\COMMUN~1\VC\Tools\MSVC\1429~1.301\bin\Hostx64\x64\link.exe /nologo @CMakeFiles\cmTC_2d771.dir\objects1 @C:\Users\pc\AppData\Local\Temp\nm4C5D.tmp



